# JRE version: Java(TM) SE Runtime Environment (8.0_91-b14) (build 1.8.0_91-b14)
# Java VM: Java HotSpot(TM) 64-Bit Server VM (25.91-b14 mixed mode bsd-amd64 compressed oops)
Heap:
 PSYoungGen      total 590848K, used 408366K [0x000000076ab00000, 0x0000000792400000, 0x00000007c0000000)
  eden space 536064K, 69% used [0x000000076ab00000,0x0000000781863630,0x000000078b680000)
  from space 54784K, 62% used [0x000000078ec00000,0x0000000790d682e0,0x0000000792180000)
  to   space 54784K, 0% used [0x000000078b680000,0x000000078b680000,0x000000078ec00000)
 ParOldGen       total 224768K, used 78750K [0x00000006c0000000, 0x00000006cdb80000, 0x000000076ab00000)
  object space 224768K, 35% used [0x00000006c0000000,0x00000006c4ce7860,0x00000006cdb80000)
 Metaspace       used 35868K, capacity 36296K, committed 36520K, reserved 1081344K
  class space    used 3953K, capacity 4061K, committed 4096K, reserved 1048576K
GC Heap History (10 events):
Event: 20.349 GC heap before
{Heap before GC invocations=10 (full 1):
 PSYoungGen      total 293888K, used 293871K [0x000000076ab00000, 0x0000000780580000, 0x00000007c0000000)
  eden space 256000K, 100% used [0x000000076ab00000,0x000000077a500000,0x000000077a500000)
  from space 37888K, 99% used [0x000000077d100000,0x000000077f5fbc08,0x000000077f600000)
  to   space 45056K, 0% used [0x000000077a500000,0x000000077a500000,0x000000077d100000)
 ParOldGen       total 116736K, used 46106K [0x00000006c0000000, 0x00000006c7200000, 0x000000076ab00000)
  object space 116736K, 39% used [0x00000006c0000000,0x00000006c2d06ac0,0x00000006c7200000)
 Metaspace       used 34169K, capacity 34480K, committed 34816K, reserved 1079296K
  class space    used 3886K, capacity 3995K, committed 4096K, reserved 1048576K
Event: 20.412 GC heap after
Heap after GC invocations=10 (full 1):
 PSYoungGen      total 301056K, used 45049K [0x000000076ab00000, 0x0000000788180000, 0x00000007c0000000)
  eden space 256000K, 0% used [0x000000076ab00000,0x000000076ab00000,0x000000077a500000)
  from space 45056K, 99% used [0x000000077a500000,0x000000077d0fe718,0x000000077d100000)
  to   space 57856K, 0% used [0x0000000784900000,0x0000000784900000,0x0000000788180000)
 ParOldGen       total 116736K, used 60891K [0x00000006c0000000, 0x00000006c7200000, 0x000000076ab00000)
  object space 116736K, 52% used [0x00000006c0000000,0x00000006c3b76fc0,0x00000006c7200000)
 Metaspace       used 34169K, capacity 34480K, committed 34816K, reserved 1079296K
  class space    used 3886K, capacity 3995K, committed 4096K, reserved 1048576K
}
Event: 21.057 GC heap before
{Heap before GC invocations=11 (full 1):
 PSYoungGen      total 301056K, used 301049K [0x000000076ab00000, 0x0000000788180000, 0x00000007c0000000)
  eden space 256000K, 100% used [0x000000076ab00000,0x000000077a500000,0x000000077a500000)
  from space 45056K, 99% used [0x000000077a500000,0x000000077d0fe718,0x000000077d100000)
  to   space 57856K, 0% used [0x0000000784900000,0x0000000784900000,0x0000000788180000)
 ParOldGen       total 116736K, used 60891K [0x00000006c0000000, 0x00000006c7200000, 0x000000076ab00000)
  object space 116736K, 52% used [0x00000006c0000000,0x00000006c3b76fc0,0x00000006c7200000)
 Metaspace       used 34699K, capacity 35054K, committed 35328K, reserved 1081344K
  class space    used 3932K, capacity 4043K, committed 4096K, reserved 1048576K
Event: 21.116 GC heap after
Heap after GC invocations=11 (full 1):
 PSYoungGen      total 424448K, used 33599K [0x000000076ab00000, 0x0000000788880000, 0x00000007c0000000)
  eden space 366592K, 0% used [0x000000076ab00000,0x000000076ab00000,0x0000000781100000)
  from space 57856K, 58% used [0x0000000784900000,0x00000007869cfd90,0x0000000788180000)
  to   space 57344K, 0% used [0x0000000781100000,0x0000000781100000,0x0000000784900000)
 ParOldGen       total 116736K, used 88374K [0x00000006c0000000, 0x00000006c7200000, 0x000000076ab00000)
  object space 116736K, 75% used [0x00000006c0000000,0x00000006c564d848,0x00000006c7200000)
 Metaspace       used 34699K, capacity 35054K, committed 35328K, reserved 1081344K
  class space    used 3932K, capacity 4043K, committed 4096K, reserved 1048576K
}
Event: 21.913 GC heap before
{Heap before GC invocations=12 (full 1):
 PSYoungGen      total 424448K, used 271897K [0x000000076ab00000, 0x0000000788880000, 0x00000007c0000000)
  eden space 366592K, 65% used [0x000000076ab00000,0x00000007793b6a40,0x0000000781100000)
  from space 57856K, 58% used [0x0000000784900000,0x00000007869cfd90,0x0000000788180000)
  to   space 57344K, 0% used [0x0000000781100000,0x0000000781100000,0x0000000784900000)
 ParOldGen       total 116736K, used 88374K [0x00000006c0000000, 0x00000006c7200000, 0x000000076ab00000)
  object space 116736K, 75% used [0x00000006c0000000,0x00000006c564d848,0x00000006c7200000)
 Metaspace       used 35113K, capacity 35452K, committed 35496K, reserved 1081344K
  class space    used 3947K, capacity 4055K, committed 4096K, reserved 1048576K
Event: 21.956 GC heap after
Heap after GC invocations=12 (full 1):
 PSYoungGen      total 423936K, used 23062K [0x000000076ab00000, 0x0000000792180000, 0x00000007c0000000)
  eden space 366592K, 0% used [0x000000076ab00000,0x000000076ab00000,0x0000000781100000)
  from space 57344K, 40% used [0x0000000781100000,0x0000000782785a60,0x0000000784900000)
  to   space 54784K, 0% used [0x000000078ec00000,0x000000078ec00000,0x0000000792180000)
 ParOldGen       total 116736K, used 96698K [0x00000006c0000000, 0x00000006c7200000, 0x000000076ab00000)
  object space 116736K, 82% used [0x00000006c0000000,0x00000006c5e6eb00,0x00000006c7200000)
 Metaspace       used 35113K, capacity 35452K, committed 35496K, reserved 1081344K
  class space    used 3947K, capacity 4055K, committed 4096K, reserved 1048576K
}
Event: 21.956 GC heap before
{Heap before GC invocations=13 (full 2):
 PSYoungGen      total 423936K, used 23062K [0x000000076ab00000, 0x0000000792180000, 0x00000007c0000000)
  eden space 366592K, 0% used [0x000000076ab00000,0x000000076ab00000,0x0000000781100000)
  from space 57344K, 40% used [0x0000000781100000,0x0000000782785a60,0x0000000784900000)
  to   space 54784K, 0% used [0x000000078ec00000,0x000000078ec00000,0x0000000792180000)
 ParOldGen       total 116736K, used 96698K [0x00000006c0000000, 0x00000006c7200000, 0x000000076ab00000)
  object space 116736K, 82% used [0x00000006c0000000,0x00000006c5e6eb00,0x00000006c7200000)
 Metaspace       used 35113K, capacity 35452K, committed 35496K, reserved 1081344K
  class space    used 3947K, capacity 4055K, committed 4096K, reserved 1048576K
Event: 22.078 GC heap after
Heap after GC invocations=13 (full 2):
 PSYoungGen      total 423936K, used 0K [0x000000076ab00000, 0x0000000792180000, 0x00000007c0000000)
  eden space 366592K, 0% used [0x000000076ab00000,0x000000076ab00000,0x0000000781100000)
  from space 57344K, 0% used [0x0000000781100000,0x0000000781100000,0x0000000784900000)
  to   space 54784K, 0% used [0x000000078ec00000,0x000000078ec00000,0x0000000792180000)
 ParOldGen       total 224768K, used 78742K [0x00000006c0000000, 0x00000006cdb80000, 0x000000076ab00000)
  object space 224768K, 35% used [0x00000006c0000000,0x00000006c4ce5860,0x00000006cdb80000)
 Metaspace       used 34922K, capacity 35236K, committed 35496K, reserved 1081344K
  class space    used 3923K, capacity 4031K, committed 4096K, reserved 1048576K
}
Event: 120.225 GC heap before
{Heap before GC invocations=14 (full 2):
 PSYoungGen      total 423936K, used 366592K [0x000000076ab00000, 0x0000000792180000, 0x00000007c0000000)
  eden space 366592K, 100% used [0x000000076ab00000,0x0000000781100000,0x0000000781100000)
  from space 57344K, 0% used [0x0000000781100000,0x0000000781100000,0x0000000784900000)
  to   space 54784K, 0% used [0x000000078ec00000,0x000000078ec00000,0x0000000792180000)
 ParOldGen       total 224768K, used 78742K [0x00000006c0000000, 0x00000006cdb80000, 0x000000076ab00000)
  object space 224768K, 35% used [0x00000006c0000000,0x00000006c4ce5860,0x00000006cdb80000)
 Metaspace       used 35427K, capacity 35774K, committed 36008K, reserved 1081344K
  class space    used 3941K, capacity 4052K, committed 4096K, reserved 1048576K
Event: 120.277 GC heap after
Heap after GC invocations=14 (full 2):
 PSYoungGen      total 590848K, used 34208K [0x000000076ab00000, 0x0000000792400000, 0x00000007c0000000)
  eden space 536064K, 0% used [0x000000076ab00000,0x000000076ab00000,0x000000078b680000)
  from space 54784K, 62% used [0x000000078ec00000,0x0000000790d682e0,0x0000000792180000)
  to   space 54784K, 0% used [0x000000078b680000,0x000000078b680000,0x000000078ec00000)
 ParOldGen       total 224768K, used 78750K [0x00000006c0000000, 0x00000006cdb80000, 0x000000076ab00000)
  object space 224768K, 35% used [0x00000006c0000000,0x00000006c4ce7860,0x00000006cdb80000)
 Metaspace       used 35427K, capacity 35774K, committed 36008K, reserved 1081344K
  class space    used 3941K, capacity 4052K, committed 4096K, reserved 1048576K
}

